<?xml version="1.0" encoding="UTF-8"?>
<Site BuildName="Linux-c++"
	BuildStamp="20200611-0400-Nightly"
	Name="localhost.localdomain"
	Generator="ctest-3.16.5"
	CompilerName="/usr/bin/c++"
	CompilerVersion="4.8.5"
	OSName="Linux"
	Hostname="localhost.localdomain"
	OSRelease="3.10.0-1062.el7.x86_64"
	OSVersion="#1 SMP Wed Aug 7 18:08:02 UTC 2019"
	OSPlatform="x86_64"
	Is64Bits="1"
	VendorString="GenuineIntel"
	VendorID="Intel Corporation"
	FamilyID="6"
	ModelID="158"
	ProcessorCacheSize="12288"
	NumberOfLogicalCPU="3"
	NumberOfPhysicalCPU="3"
	TotalVirtualMemory="2047"
	TotalPhysicalMemory="3770"
	LogicalProcessorsPerPhysical="1"
	ProcessorClockFrequency="2591.71"
	>
	<DynamicAnalysis Checker="Valgrind">
		<StartDateTime>Jun 12 10:05 CST</StartDateTime>
		<StartTestTime>1591927522</StartTestTime>
		<TestList/>
		<DefectList/>
		<EndDateTime>Jun 12 10:05 CST</EndDateTime>
		<EndTestTime>1591927522</EndTestTime>
		<ElapsedMinutes>0</ElapsedMinutes>
	</DynamicAnalysis>
</Site>
